[14:41:18.116304 WARN] No valid weather file defined in either the osm or osw.
[14:41:24.792651 WARN] User-defined single floor area was used for calculation of total building floor area
[14:41:24.792676 WARN] Cannot use custom height bar with single floor area method, will not create custom height bar.
[14:41:28.050411 WARN] [openstudio.standards.ConstructionBase] Can only set the u-value of opaque constructions or simple glazing. U 0.48 SHGC 0.40 Dbl Ref-D Clr 6mm/13mm is not opaque or simple glazing.
[14:41:28.050559 WARN] [openstudio.standards.ConstructionBase] Can only set the u-value of opaque constructions or simple glazing. U 0.44 SHGC 0.26 Dbl Ref-B-H Clr 6mm/13mm Air is not opaque or simple glazing.
[14:41:28.050666 WARN] [openstudio.standards.ConstructionBase] Can only set the u-value of opaque constructions or simple glazing. Window_U_0.50_SHGC_0.40_Skylight_Frame_Width_0.430_in is not opaque or simple glazing.
[14:41:28.051041 WARN] [openstudio.model.Model] Model has zone with
[14:41:28.051120 WARN] [openstudio.model.Model] Model has zone with
[14:41:28.051200 WARN] [openstudio.model.Model] Model has zone with
[14:41:28.051349 WARN] [openstudio.model.Model] In model_add_typical, num_water_heaters = 1
[14:41:28.195504 WARN] FullServiceRestaurant Dining B end_a - Story Ground has one or more daylighting controls. Lighting loads from blended space type may affect lighting reduction from daylighting controls.
[14:41:28.196396 WARN] FullServiceRestaurant Dining A  - Story Ground has one or more daylighting controls. Lighting loads from blended space type may affect lighting reduction from daylighting controls.
[14:41:28.196519 WARN] FullServiceRestaurant Dining C  - Story Ground has one or more daylighting controls. Lighting loads from blended space type may affect lighting reduction from daylighting controls.
[14:41:28.196736 WARN] FullServiceRestaurant Kitchen B end_b - Story Ground has one or more daylighting controls. Lighting loads from blended space type may affect lighting reduction from daylighting controls.
[14:41:28.992776 WARN] Surface elevation not set for building 'Restaurant 1'
[14:41:28.997011 WARN] Reversing floor print
[14:41:28.998053 WARN] Reversing floor print
[14:41:28.998713 WARN] Reversing floor print
[14:41:28.999990 WARN] Reversing floor print
[14:41:29.000641 WARN] Reversing floor print
[14:41:29.002255 WARN] Reversing floor print
[14:41:29.010180 WARN] Reversing floor print
[14:41:34.252838 WARN] [openstudio.standards.AirLoopHVAC] Cannot find economizer limits for 90.1-2013, , assuming no economizer required.
[14:41:34.253153 WARN] [openstudio.standards.BoilerHotWater] For Boiler, cannot find boiler properties with search criteria {"template"=>"90.1-2013", "fuel_type"=>"Gas", "fluid_type"=>"Hot Water"}, cannot apply efficiency standard.
[14:41:34.800454 WARN] Reporting Measure at /Users/tkwasnik/github/urbanopt-example-reopt-project/.bundle/install/ruby/2.2.0/bundler/gems/urbanopt-scenario-gem-f8ca05a7bdc7/lib/measures/default_feature_reports/measure.rb is using the old format where the 'arguments' method does not take model. Please consider updating this to `def arguments(model)`.
[14:41:39.691390 WARN] Reporting Measure at /Users/tkwasnik/github/urbanopt-example-reopt-project/.bundle/install/ruby/2.2.0/bundler/gems/urbanopt-scenario-gem-f8ca05a7bdc7/lib/measures/default_feature_reports/measure.rb is using the old format where the 'arguments' method does not take model. Please consider updating this to `def arguments(model)`.
[14:41:39.881272 WARN] Query failed for Life-Cycle Cost Report and TableName='Present Value for Recurring, Nonrecurring and Energy Costs (Before Tax)' AND RowName='LCC_MAT - BUILDING - LIFE CYCLE COSTS' AND ColumnName='Cost'
