W, [2020-03-24T18:13:53.983537 #37093]  WARN -- : Bundle activated but ENV['BUNDLE_WITHOUT'] is not set
[openstudio.model.YearDescription] <1> 'UseWeatherFile' is not yet a supported option for YearDescription
[openstudio.model.YearDescription] <1> 'UseWeatherFile' is not yet a supported option for YearDescription
[18:13:55.541565 WARN] No valid weather file defined in either the osm or osw.
asdf, already had it
[18:14:03.604604 WARN] User-defined single floor area was used for calculation of total building floor area
[18:14:03.604629 WARN] Cannot use custom height bar with single floor area method, will not create custom height bar.
[18:14:09.539765 WARN] [openstudio.standards.ConstructionBase] Can only set the u-value of opaque constructions or simple glazing. U 0.48 SHGC 0.40 Dbl Ref-D Clr 6mm/13mm is not opaque or simple glazing.
[18:14:09.540102 WARN] [openstudio.standards.ConstructionBase] Can only set the u-value of opaque constructions or simple glazing. U 0.44 SHGC 0.26 Dbl Ref-B-H Clr 6mm/13mm Air is not opaque or simple glazing.
[18:14:09.540318 WARN] [openstudio.standards.ConstructionBase] Can only set the u-value of opaque constructions or simple glazing. Window_U_0.50_SHGC_0.40_Skylight_Frame_Width_0.430_in is not opaque or simple glazing.
[18:14:09.541879 WARN] [openstudio.weather.Model] Could not find ground temperatures; will use generic temperatures, which will skew results.
[18:14:09.542933 WARN] [openstudio.model.Model] Model has zone with
[18:14:09.543127 WARN] [openstudio.model.Model] Model has zone with
[18:14:09.543415 WARN] [openstudio.model.Model] Model has zone with
[18:14:09.543869 WARN] [openstudio.model.Model] In model_add_typical, num_water_heaters = 1
[18:14:09.836789 WARN] Office WholeBuilding - Md Office C  - Story Ground has one or more daylighting controls. Lighting loads from blended space type may affect lighting reduction from daylighting controls.
[18:14:09.837149 WARN] Office WholeBuilding - Md Office A  - Story Ground has one or more daylighting controls. Lighting loads from blended space type may affect lighting reduction from daylighting controls.
[18:14:09.837495 WARN] Office WholeBuilding - Md Office B end_a - Story Ground has one or more daylighting controls. Lighting loads from blended space type may affect lighting reduction from daylighting controls.
[18:14:09.837869 WARN] Office WholeBuilding - Md Office B end_b - Story Ground has one or more daylighting controls. Lighting loads from blended space type may affect lighting reduction from daylighting controls.
[18:14:09.859830 WARN] Office WholeBuilding - Md Office C  - Story Mid has one or more daylighting controls. Lighting loads from blended space type may affect lighting reduction from daylighting controls.
[18:14:09.860401 WARN] Office WholeBuilding - Md Office A  - Story Mid has one or more daylighting controls. Lighting loads from blended space type may affect lighting reduction from daylighting controls.
[18:14:09.861269 WARN] Office WholeBuilding - Md Office B end_a - Story Mid has one or more daylighting controls. Lighting loads from blended space type may affect lighting reduction from daylighting controls.
[18:14:09.861622 WARN] Office WholeBuilding - Md Office B end_b - Story Mid has one or more daylighting controls. Lighting loads from blended space type may affect lighting reduction from daylighting controls.
[18:14:09.873021 WARN] FullServiceRestaurant Kitchen C  - Story Mid2 has one or more daylighting controls. Lighting loads from blended space type may affect lighting reduction from daylighting controls.
[18:14:09.873314 WARN] FullServiceRestaurant Kitchen A end_a - Story Mid2 has one or more daylighting controls. Lighting loads from blended space type may affect lighting reduction from daylighting controls.
[18:14:09.873570 WARN] FullServiceRestaurant Kitchen C end_a - Story Mid2 has one or more daylighting controls. Lighting loads from blended space type may affect lighting reduction from daylighting controls.
[18:14:09.873986 WARN] FullServiceRestaurant Kitchen B end_a - Story Mid2 has one or more daylighting controls. Lighting loads from blended space type may affect lighting reduction from daylighting controls.
[18:14:09.874218 WARN] FullServiceRestaurant Kitchen A  - Story Mid2 has one or more daylighting controls. Lighting loads from blended space type may affect lighting reduction from daylighting controls.
[18:14:09.874661 WARN] FullServiceRestaurant Dining B end_b - Story Mid2 has one or more daylighting controls. Lighting loads from blended space type may affect lighting reduction from daylighting controls.
[18:14:09.875263 WARN] FullServiceRestaurant Dining C  - Story Mid2 has one or more daylighting controls. Lighting loads from blended space type may affect lighting reduction from daylighting controls.
[18:14:09.875489 WARN] FullServiceRestaurant Dining A  - Story Mid2 has one or more daylighting controls. Lighting loads from blended space type may affect lighting reduction from daylighting controls.
[18:14:09.886137 WARN] FullServiceRestaurant Dining C  - Story Top has one or more daylighting controls. Lighting loads from blended space type may affect lighting reduction from daylighting controls.
[18:14:09.886891 WARN] FullServiceRestaurant Dining B end_a - Story Top has one or more daylighting controls. Lighting loads from blended space type may affect lighting reduction from daylighting controls.
[18:14:09.887085 WARN] FullServiceRestaurant Dining B end_b - Story Top has one or more daylighting controls. Lighting loads from blended space type may affect lighting reduction from daylighting controls.
[18:14:09.887506 WARN] FullServiceRestaurant Dining A  - Story Top has one or more daylighting controls. Lighting loads from blended space type may affect lighting reduction from daylighting controls.
[18:14:10.807320 WARN] Surface elevation not set for building 'Mixed_use 1'
[18:14:10.807781 WARN] Reversing floor print
[18:14:10.811577 WARN] Reversing floor print
[18:14:10.814851 WARN] Reversing floor print
[18:14:10.818201 WARN] Reversing floor print
[18:14:10.821603 WARN] Reversing floor print
[18:14:10.822567 WARN] Reversing floor print
[18:14:10.822778 WARN] Reversing floor print
[18:14:10.825422 WARN] Reversing floor print
[18:14:10.825671 WARN] Reversing floor print
[18:14:10.832053 WARN] Reversing floor print
[18:14:10.832263 WARN] Reversing floor print
[18:14:10.835155 WARN] Reversing floor print
[18:14:10.835504 WARN] Reversing floor print
[18:14:10.842630 WARN] Reversing floor print
[18:14:10.843134 WARN] Reversing floor print
[18:14:10.852973 WARN] Reversing floor print
"/Applications/OpenStudio-2.8.1/bin/openstudio" run -w "/Users/tkwasnik/github/urbanopt-example-reopt-project/run/baseline_scenario/1/006_create_typical_building_from_model/SR1/in.osw"
[utilities.geometry.join] <1> Union has inner loops
[utilities.geometry.joinAll] <1> Expected polygons to join together
[utilities.geometry.joinAll] <1> Expected polygons to join together
[utilities.geometry.joinAll] <1> Expected polygons to join together
[utilities.geometry.join] <1> Union has inner loops
[utilities.geometry.joinAll] <1> Expected polygons to join together
[utilities.geometry.joinAll] <1> Expected polygons to join together
[utilities.geometry.joinAll] <1> Expected polygons to join together
[utilities.geometry.join] <1> Union has inner loops
[utilities.geometry.joinAll] <1> Expected polygons to join together
[utilities.geometry.joinAll] <1> Expected polygons to join together
[utilities.geometry.joinAll] <1> Expected polygons to join together
[utilities.geometry.join] <1> Union has inner loops
[utilities.geometry.joinAll] <1> Expected polygons to join together
[utilities.geometry.joinAll] <1> Expected polygons to join together
[utilities.geometry.joinAll] <1> Expected polygons to join together
[18:14:22.756806 WARN] [openstudio.standards.AirLoopHVAC] Cannot find economizer limits for 90.1-2013, , assuming no economizer required.
[18:14:22.756870 WARN] [openstudio.standards.AirLoopHVAC] Cannot find economizer limits for 90.1-2013, , assuming no economizer required.
[18:14:22.756910 WARN] [openstudio.standards.AirLoopHVAC] Cannot find economizer limits for 90.1-2013, , assuming no economizer required.
[18:14:22.756963 WARN] [openstudio.standards.AirLoopHVAC] Cannot find economizer limits for 90.1-2013, , assuming no economizer required.
[18:14:23.624514 WARN] Reporting Measure at /Users/tkwasnik/github/urbanopt-example-reopt-project/.bundle/install/ruby/2.2.0/bundler/gems/urbanopt-scenario-gem-57bae9849dea/lib/measures/default_feature_reports/measure.rb is using the old format where the 'arguments' method does not take model. Please consider updating this to `def arguments(model)`.
[18:14:41.801012 WARN] Reporting Measure at /Users/tkwasnik/github/urbanopt-example-reopt-project/.bundle/install/ruby/2.2.0/bundler/gems/urbanopt-scenario-gem-57bae9849dea/lib/measures/default_feature_reports/measure.rb is using the old format where the 'arguments' method does not take model. Please consider updating this to `def arguments(model)`.
[18:14:42.024219 WARN] Query failed for Life-Cycle Cost Report and TableName='Present Value for Recurring, Nonrecurring and Energy Costs (Before Tax)' AND RowName='LCC_MAT - BUILDING - LIFE CYCLE COSTS' AND ColumnName='Cost'
Power Converion: to convert kWh to kW values will be divided by 0.25
